-------------------------------------------------------------------------------
Test set: com.zerofinance.spring_ai_study.utils.BubbleSortUtilsTest
-------------------------------------------------------------------------------
Tests run: 6, Failures: 1, Errors: 0, Skipped: 0, Time elapsed: 0.064 s <<< FAILURE! -- in com.zerofinance.spring_ai_study.utils.BubbleSortUtilsTest
com.zerofinance.spring_ai_study.utils.BubbleSortUtilsTest.testSortStrings -- Time elapsed: 0.009 s <<< FAILURE!
org.opentest4j.AssertionFailedError: array contents differ at index [0], expected: <苹果> but was: <橙子>
	at org.junit.jupiter.api.AssertionFailureBuilder.build(AssertionFailureBuilder.java:151)
	at org.junit.jupiter.api.AssertionFailureBuilder.buildAndThrow(AssertionFailureBuilder.java:132)
	at org.junit.jupiter.api.AssertArrayEquals.failArraysNotEqual(AssertArrayEquals.java:440)
	at org.junit.jupiter.api.AssertArrayEquals.assertArrayElementsEqual(AssertArrayEquals.java:389)
	at org.junit.jupiter.api.AssertArrayEquals.assertArrayEquals(AssertArrayEquals.java:346)
	at org.junit.jupiter.api.AssertArrayEquals.assertArrayEquals(AssertArrayEquals.java:159)
	at org.junit.jupiter.api.AssertArrayEquals.assertArrayEquals(AssertArrayEquals.java:155)
	at org.junit.jupiter.api.Assertions.assertArrayEquals(Assertions.java:1456)
	at com.zerofinance.spring_ai_study.utils.BubbleSortUtilsTest.testSortStrings(BubbleSortUtilsTest.java:31)
	at java.base/java.lang.reflect.Method.invoke(Method.java:580)
	at java.base/java.util.ArrayList.forEach(ArrayList.java:1596)
	at java.base/java.util.ArrayList.forEach(ArrayList.java:1596)

