<?xml version="1.0" encoding="UTF-8"?>
<testsuite xmlns:xsi="http://www.w3.org/2001/XMLSchema-instance" xsi:noNamespaceSchemaLocation="https://maven.apache.org/surefire/maven-surefire-plugin/xsd/surefire-test-report.xsd" version="3.0.2" name="com.zerofinance.spring_ai_study.utils.BubbleSortUtilsTest" time="0.064" tests="6" errors="0" skipped="0" failures="1">
  <properties>
[...]
</properties>
  <testcase name="testSortNullArray" classname="com.zerofinance.spring_ai_study.utils.BubbleSortUtilsTest" time="0.02"/>
  <testcase name="testSortEmptyArray" classname="com.zerofinance.spring_ai_study.utils.BubbleSortUtilsTest" time="0.003"/>
  <testcase name="testSortStrings" classname="com.zerofinance.spring_ai_study.utils.BubbleSortUtilsTest" time="0.009">
    <failure message="array contents differ at index [0], expected: &lt;苹果&gt; but was: &lt;橙子&gt;" type="org.opentest4j.AssertionFailedError"><![CDATA[org.opentest4j.AssertionFailedError: array contents differ at index [0], expected: <苹果> but was: <橙子>
	at org.junit.jupiter.api.AssertionFailureBuilder.build(AssertionFailureBuilder.java:151)
	at org.junit.jupiter.api.AssertionFailureBuilder.buildAndThrow(AssertionFailureBuilder.java:132)
	at org.junit.jupiter.api.AssertArrayEquals.failArraysNotEqual(AssertArrayEquals.java:440)
	at org.junit.jupiter.api.AssertArrayEquals.assertArrayElementsEqual(AssertArrayEquals.java:389)
	at org.junit.jupiter.api.AssertArrayEquals.assertArrayEquals(AssertArrayEquals.java:346)
	at org.junit.jupiter.api.AssertArrayEquals.assertArrayEquals(AssertArrayEquals.java:159)
	at org.junit.jupiter.api.AssertArrayEquals.assertArrayEquals(AssertArrayEquals.java:155)
	at org.junit.jupiter.api.Assertions.assertArrayEquals(Assertions.java:1456)
	at com.zerofinance.spring_ai_study.utils.BubbleSortUtilsTest.testSortStrings(BubbleSortUtilsTest.java:31)
	at java.base/java.lang.reflect.Method.invoke(Method.java:580)
	at java.base/java.util.ArrayList.forEach(ArrayList.java:1596)
	at java.base/java.util.ArrayList.forEach(ArrayList.java:1596)
]]></failure>
  </testcase>
  <testcase name="testSortAlreadySortedArray" classname="com.zerofinance.spring_ai_study.utils.BubbleSortUtilsTest" time="0.001"/>
  <testcase name="testSortIntegers" classname="com.zerofinance.spring_ai_study.utils.BubbleSortUtilsTest" time="0.002"/>
  <testcase name="testSortSingleElementArray" classname="com.zerofinance.spring_ai_study.utils.BubbleSortUtilsTest" time="0.0"/>
</testsuite>